  [1m[35m (0.4ms)[0m  [1m[34mSELECT "schema_migrations"."version" FROM "schema_migrations" ORDER BY "schema_migrations"."version" ASC[0m
  [1m[35m (0.2ms)[0m  [1m[34mSELECT "ar_internal_metadata"."value" FROM "ar_internal_metadata" WHERE "ar_internal_metadata"."key" = $1[0m  [["key", "environment"]]
  [1m[35m (0.1ms)[0m  [1m[34mSELECT "schema_migrations"."version" FROM "schema_migrations" ORDER BY "schema_migrations"."version" ASC[0m
  [1m[35m (0.3ms)[0m  [1m[34mSELECT "ar_internal_metadata"."value" FROM "ar_internal_metadata" WHERE "ar_internal_metadata"."key" = $1[0m  [["key", "environment"]]
  [1m[35m (0.3ms)[0m  [1m[34mSELECT "schema_migrations"."version" FROM "schema_migrations" ORDER BY "schema_migrations"."version" ASC[0m
  [1m[35m (0.2ms)[0m  [1m[34mSELECT "ar_internal_metadata"."value" FROM "ar_internal_metadata" WHERE "ar_internal_metadata"."key" = $1[0m  [["key", "environment"]]
  [1m[35m (24.9ms)[0m  [1m[35mDROP DATABASE IF EXISTS "biddr_api_development"[0m
  [1m[35m (19.0ms)[0m  [1m[35mDROP DATABASE IF EXISTS "biddr_api_test"[0m
  [1m[35m (59.6ms)[0m  [1m[35mCREATE DATABASE "biddr_api_development" ENCODING = 'unicode'[0m
  [1m[35m (59.7ms)[0m  [1m[35mCREATE DATABASE "biddr_api_test" ENCODING = 'unicode'[0m
  [1m[35m (3.8ms)[0m  [1m[35mCREATE TABLE "schema_migrations" ("version" character varying NOT NULL PRIMARY KEY)[0m
  [1m[35m (2.3ms)[0m  [1m[35mCREATE TABLE "ar_internal_metadata" ("key" character varying NOT NULL PRIMARY KEY, "value" character varying, "created_at" timestamp(6) NOT NULL, "updated_at" timestamp(6) NOT NULL)[0m
  [1m[35m (0.1ms)[0m  [1m[34mSELECT pg_try_advisory_lock(8427587142396744315)[0m
  [1m[35m (0.3ms)[0m  [1m[34mSELECT "schema_migrations"."version" FROM "schema_migrations" ORDER BY "schema_migrations"."version" ASC[0m
Migrating to CreateAuctions (20210824171028)
  [1m[36mTRANSACTION (0.2ms)[0m  [1m[35mBEGIN[0m
  [1m[35m (3.6ms)[0m  [1m[35mCREATE TABLE "auctions" ("id" bigserial primary key, "title" character varying, "description" text, "end_date" date, "reserve_price" integer, "created_at" timestamp(6) NOT NULL, "updated_at" timestamp(6) NOT NULL)[0m
  [1m[36mActiveRecord::SchemaMigration Create (0.5ms)[0m  [1m[32mINSERT INTO "schema_migrations" ("version") VALUES ($1) RETURNING "version"[0m  [["version", "20210824171028"]]
  [1m[36mTRANSACTION (0.4ms)[0m  [1m[35mCOMMIT[0m
Migrating to CreateBids (20210824175247)
  [1m[36mTRANSACTION (0.4ms)[0m  [1m[35mBEGIN[0m
  [1m[35m (4.6ms)[0m  [1m[35mCREATE TABLE "bids" ("id" bigserial primary key, "amount" integer, "auction_id" bigint NOT NULL, "created_at" timestamp(6) NOT NULL, "updated_at" timestamp(6) NOT NULL, CONSTRAINT "fk_rails_7332d1a025"
FOREIGN KEY ("auction_id")
  REFERENCES "auctions" ("id")
)[0m
  [1m[35m (0.7ms)[0m  [1m[35mCREATE INDEX "index_bids_on_auction_id" ON "bids" ("auction_id")[0m
  [1m[36mActiveRecord::SchemaMigration Create (0.2ms)[0m  [1m[32mINSERT INTO "schema_migrations" ("version") VALUES ($1) RETURNING "version"[0m  [["version", "20210824175247"]]
  [1m[36mTRANSACTION (0.3ms)[0m  [1m[35mCOMMIT[0m
Migrating to CreateUsers (20210824185930)
  [1m[36mTRANSACTION (0.2ms)[0m  [1m[35mBEGIN[0m
  [1m[35m (4.7ms)[0m  [1m[35mCREATE TABLE "users" ("id" bigserial primary key, "email" character varying, "password_digest" character varying, "created_at" timestamp(6) NOT NULL, "updated_at" timestamp(6) NOT NULL)[0m
  [1m[35m (0.8ms)[0m  [1m[35mCREATE UNIQUE INDEX "index_users_on_email" ON "users" ("email")[0m
  [1m[36mActiveRecord::SchemaMigration Create (0.2ms)[0m  [1m[32mINSERT INTO "schema_migrations" ("version") VALUES ($1) RETURNING "version"[0m  [["version", "20210824185930"]]
  [1m[36mTRANSACTION (0.3ms)[0m  [1m[35mCOMMIT[0m
Migrating to AddUserReferencesToAuctions (20210824192057)
  [1m[36mTRANSACTION (0.4ms)[0m  [1m[35mBEGIN[0m
  [1m[35m (0.3ms)[0m  [1m[35mALTER TABLE "auctions" ADD "user_id" bigint[0m
  [1m[35m (1.6ms)[0m  [1m[35mCREATE INDEX "index_auctions_on_user_id" ON "auctions" ("user_id")[0m
  [1m[35m (0.7ms)[0m  [1m[35mALTER TABLE "auctions" ADD CONSTRAINT "fk_rails_a21a834151"
FOREIGN KEY ("user_id")
  REFERENCES "users" ("id")
[0m
  [1m[36mActiveRecord::SchemaMigration Create (0.1ms)[0m  [1m[32mINSERT INTO "schema_migrations" ("version") VALUES ($1) RETURNING "version"[0m  [["version", "20210824192057"]]
  [1m[36mTRANSACTION (0.2ms)[0m  [1m[35mCOMMIT[0m
Migrating to AddUserReferencesToBids (20210824192202)
  [1m[36mTRANSACTION (0.2ms)[0m  [1m[35mBEGIN[0m
  [1m[35m (0.3ms)[0m  [1m[35mALTER TABLE "bids" ADD "user_id" bigint[0m
  [1m[35m (1.2ms)[0m  [1m[35mCREATE INDEX "index_bids_on_user_id" ON "bids" ("user_id")[0m
  [1m[35m (0.8ms)[0m  [1m[35mALTER TABLE "bids" ADD CONSTRAINT "fk_rails_e173de2ed3"
FOREIGN KEY ("user_id")
  REFERENCES "users" ("id")
[0m
  [1m[36mActiveRecord::SchemaMigration Create (0.2ms)[0m  [1m[32mINSERT INTO "schema_migrations" ("version") VALUES ($1) RETURNING "version"[0m  [["version", "20210824192202"]]
  [1m[36mTRANSACTION (0.3ms)[0m  [1m[35mCOMMIT[0m
  [1m[36mActiveRecord::InternalMetadata Load (0.2ms)[0m  [1m[34mSELECT "ar_internal_metadata".* FROM "ar_internal_metadata" WHERE "ar_internal_metadata"."key" = $1 LIMIT $2[0m  [["key", "environment"], ["LIMIT", 1]]
  [1m[36mTRANSACTION (0.1ms)[0m  [1m[35mBEGIN[0m
  [1m[36mActiveRecord::InternalMetadata Create (0.4ms)[0m  [1m[32mINSERT INTO "ar_internal_metadata" ("key", "value", "created_at", "updated_at") VALUES ($1, $2, $3, $4) RETURNING "key"[0m  [["key", "environment"], ["value", "development"], ["created_at", "2021-08-27 16:32:46.748532"], ["updated_at", "2021-08-27 16:32:46.748532"]]
  [1m[36mTRANSACTION (0.5ms)[0m  [1m[35mCOMMIT[0m
  [1m[35m (0.3ms)[0m  [1m[34mSELECT pg_advisory_unlock(8427587142396744315)[0m
  [1m[35m (0.4ms)[0m  [1m[34mSELECT "schema_migrations"."version" FROM "schema_migrations" ORDER BY "schema_migrations"."version" ASC[0m
  [1m[35m (0.3ms)[0m  [1m[34mSELECT "schema_migrations"."version" FROM "schema_migrations" ORDER BY "schema_migrations"."version" ASC[0m
  [1m[35m (0.4ms)[0m  [1m[34mSELECT "schema_migrations"."version" FROM "schema_migrations" ORDER BY "schema_migrations"."version" ASC[0m
Started GET "/api/v1/auctions" for ::1 at 2021-08-27 12:34:31 -0400
  [1m[35m (0.8ms)[0m  [1m[34mSELECT "schema_migrations"."version" FROM "schema_migrations" ORDER BY "schema_migrations"."version" ASC[0m
  
ActionController::RoutingError (No route matches [GET] "/api/v1/auctions"):
  
Started GET "/" for ::1 at 2021-08-27 12:34:35 -0400
Processing by Rails::WelcomeController#index as HTML
  Rendering /Users/brodyreid/.rvm/gems/ruby-3.0.0/gems/railties-6.1.4.1/lib/rails/templates/rails/welcome/index.html.erb
  Rendered /Users/brodyreid/.rvm/gems/ruby-3.0.0/gems/railties-6.1.4.1/lib/rails/templates/rails/welcome/index.html.erb (Duration: 5.9ms | Allocations: 223)
Completed 200 OK in 15ms (Views: 6.9ms | ActiveRecord: 0.0ms | Allocations: 2399)


  [1m[35m (0.4ms)[0m  [1m[34mSELECT "schema_migrations"."version" FROM "schema_migrations" ORDER BY "schema_migrations"."version" ASC[0m
  [1m[35m (0.3ms)[0m  [1m[34mSELECT "schema_migrations"."version" FROM "schema_migrations" ORDER BY "schema_migrations"."version" ASC[0m
  [1m[36mBid Destroy (0.4ms)[0m  [1m[31mDELETE FROM "bids"[0m
  [1m[36mAuction Destroy (0.3ms)[0m  [1m[31mDELETE FROM "auctions"[0m
  [1m[36mUser Destroy (0.3ms)[0m  [1m[31mDELETE FROM "users"[0m
  [1m[36mTRANSACTION (0.2ms)[0m  [1m[35mBEGIN[0m
  [1m[36mUser Exists? (0.4ms)[0m  [1m[34mSELECT 1 AS one FROM "users" WHERE "users"."email" = $1 LIMIT $2[0m  [["email", "js@winterfell.gov"], ["LIMIT", 1]]
  [1m[36mUser Create (0.7ms)[0m  [1m[32mINSERT INTO "users" ("email", "password_digest", "created_at", "updated_at") VALUES ($1, $2, $3, $4) RETURNING "id"[0m  [["email", "js@winterfell.gov"], ["password_digest", "$2a$12$VeZHTRtT2IDBv5HicN6GFORzz8M4Bhz3KeM.CWAZglmH//Ja.tTim"], ["created_at", "2021-08-27 16:46:41.493517"], ["updated_at", "2021-08-27 16:46:41.493517"]]
  [1m[36mTRANSACTION (0.5ms)[0m  [1m[35mCOMMIT[0m
  [1m[36mTRANSACTION (0.2ms)[0m  [1m[35mBEGIN[0m
  [1m[36mUser Exists? (0.2ms)[0m  [1m[34mSELECT 1 AS one FROM "users" WHERE "users"."email" = $1 LIMIT $2[0m  [["email", "malisa.wilkinson@erdman.biz"], ["LIMIT", 1]]
  [1m[36mUser Create (0.2ms)[0m  [1m[32mINSERT INTO "users" ("email", "password_digest", "created_at", "updated_at") VALUES ($1, $2, $3, $4) RETURNING "id"[0m  [["email", "malisa.wilkinson@erdman.biz"], ["password_digest", "$2a$12$mo.kJyoyybaADfA/OW7PPuU1CtXr7M3MY/0OL3iqdnZE5LQqfkkvS"], ["created_at", "2021-08-27 16:46:42.944231"], ["updated_at", "2021-08-27 16:46:42.944231"]]
  [1m[36mTRANSACTION (0.5ms)[0m  [1m[35mCOMMIT[0m
  [1m[36mTRANSACTION (0.1ms)[0m  [1m[35mBEGIN[0m
  [1m[36mUser Exists? (0.3ms)[0m  [1m[34mSELECT 1 AS one FROM "users" WHERE "users"."email" = $1 LIMIT $2[0m  [["email", "kieth.spinka@watsica.io"], ["LIMIT", 1]]
  [1m[36mUser Create (0.2ms)[0m  [1m[32mINSERT INTO "users" ("email", "password_digest", "created_at", "updated_at") VALUES ($1, $2, $3, $4) RETURNING "id"[0m  [["email", "kieth.spinka@watsica.io"], ["password_digest", "$2a$12$W23ziHTBd2W1L/SqdABaY.vT5E7y1KyDPzbAS3kdkjpUZFCtlvRui"], ["created_at", "2021-08-27 16:46:43.134345"], ["updated_at", "2021-08-27 16:46:43.134345"]]
  [1m[36mTRANSACTION (0.3ms)[0m  [1m[35mCOMMIT[0m
  [1m[36mTRANSACTION (0.1ms)[0m  [1m[35mBEGIN[0m
  [1m[36mUser Exists? (0.3ms)[0m  [1m[34mSELECT 1 AS one FROM "users" WHERE "users"."email" = $1 LIMIT $2[0m  [["email", "ronald.schimmel@blick.net"], ["LIMIT", 1]]
  [1m[36mUser Create (0.3ms)[0m  [1m[32mINSERT INTO "users" ("email", "password_digest", "created_at", "updated_at") VALUES ($1, $2, $3, $4) RETURNING "id"[0m  [["email", "ronald.schimmel@blick.net"], ["password_digest", "$2a$12$hJJy70Fnv/8XvRGNMbEza.vvNDZc4gP4CL6PcD1ufeaBOkWaB5V4S"], ["created_at", "2021-08-27 16:46:43.329226"], ["updated_at", "2021-08-27 16:46:43.329226"]]
  [1m[36mTRANSACTION (0.9ms)[0m  [1m[35mCOMMIT[0m
  [1m[36mTRANSACTION (0.2ms)[0m  [1m[35mBEGIN[0m
  [1m[36mUser Exists? (0.2ms)[0m  [1m[34mSELECT 1 AS one FROM "users" WHERE "users"."email" = $1 LIMIT $2[0m  [["email", "dorris_rau@nienow.info"], ["LIMIT", 1]]
  [1m[36mUser Create (0.2ms)[0m  [1m[32mINSERT INTO "users" ("email", "password_digest", "created_at", "updated_at") VALUES ($1, $2, $3, $4) RETURNING "id"[0m  [["email", "dorris_rau@nienow.info"], ["password_digest", "$2a$12$lod1vMbaA0untFkLhCud4OEdw4hIzOL0VsrlhcSgedVH6C1drhILW"], ["created_at", "2021-08-27 16:46:43.504620"], ["updated_at", "2021-08-27 16:46:43.504620"]]
  [1m[36mTRANSACTION (1.1ms)[0m  [1m[35mCOMMIT[0m
  [1m[36mTRANSACTION (0.1ms)[0m  [1m[35mBEGIN[0m
  [1m[36mUser Exists? (0.2ms)[0m  [1m[34mSELECT 1 AS one FROM "users" WHERE "users"."email" = $1 LIMIT $2[0m  [["email", "rosamaria@wiegand.info"], ["LIMIT", 1]]
  [1m[36mUser Create (0.3ms)[0m  [1m[32mINSERT INTO "users" ("email", "password_digest", "created_at", "updated_at") VALUES ($1, $2, $3, $4) RETURNING "id"[0m  [["email", "rosamaria@wiegand.info"], ["password_digest", "$2a$12$yOSJwLCsY.wx5iEnQ7mU8epCSRB8NillNVBaGq.HRFSuwbjCMBDMO"], ["created_at", "2021-08-27 16:46:43.677305"], ["updated_at", "2021-08-27 16:46:43.677305"]]
  [1m[36mTRANSACTION (0.8ms)[0m  [1m[35mCOMMIT[0m
  [1m[36mTRANSACTION (0.2ms)[0m  [1m[35mBEGIN[0m
  [1m[36mUser Exists? (0.2ms)[0m  [1m[34mSELECT 1 AS one FROM "users" WHERE "users"."email" = $1 LIMIT $2[0m  [["email", "dannie@prosacco.com"], ["LIMIT", 1]]
  [1m[36mUser Create (0.1ms)[0m  [1m[32mINSERT INTO "users" ("email", "password_digest", "created_at", "updated_at") VALUES ($1, $2, $3, $4) RETURNING "id"[0m  [["email", "dannie@prosacco.com"], ["password_digest", "$2a$12$z1SCP7EJZi3ba8XVSdhPcuVy/4I3FepM4EwvYdzv7UDXC2ZYLtzZu"], ["created_at", "2021-08-27 16:46:43.848958"], ["updated_at", "2021-08-27 16:46:43.848958"]]
  [1m[36mTRANSACTION (0.9ms)[0m  [1m[35mCOMMIT[0m
  [1m[36mTRANSACTION (0.2ms)[0m  [1m[35mBEGIN[0m
  [1m[36mUser Exists? (0.3ms)[0m  [1m[34mSELECT 1 AS one FROM "users" WHERE "users"."email" = $1 LIMIT $2[0m  [["email", "ed@armstrong.biz"], ["LIMIT", 1]]
  [1m[36mUser Create (0.2ms)[0m  [1m[32mINSERT INTO "users" ("email", "password_digest", "created_at", "updated_at") VALUES ($1, $2, $3, $4) RETURNING "id"[0m  [["email", "ed@armstrong.biz"], ["password_digest", "$2a$12$bZR3T7JP0IHp0lpvza4L6O3V8X5aIsK1Wjb6967UVdQWaeVSqtRcu"], ["created_at", "2021-08-27 16:46:44.024833"], ["updated_at", "2021-08-27 16:46:44.024833"]]
  [1m[36mTRANSACTION (0.7ms)[0m  [1m[35mCOMMIT[0m
  [1m[36mTRANSACTION (0.1ms)[0m  [1m[35mBEGIN[0m
  [1m[36mUser Exists? (0.2ms)[0m  [1m[34mSELECT 1 AS one FROM "users" WHERE "users"."email" = $1 LIMIT $2[0m  [["email", "timothy@bode.name"], ["LIMIT", 1]]
  [1m[36mUser Create (0.2ms)[0m  [1m[32mINSERT INTO "users" ("email", "password_digest", "created_at", "updated_at") VALUES ($1, $2, $3, $4) RETURNING "id"[0m  [["email", "timothy@bode.name"], ["password_digest", "$2a$12$47r7b4NEZOxxWNSTP4jnre2q3j59EH4Q6878PCapnePbpqxz/rxP."], ["created_at", "2021-08-27 16:46:44.202061"], ["updated_at", "2021-08-27 16:46:44.202061"]]
  [1m[36mTRANSACTION (1.4ms)[0m  [1m[35mCOMMIT[0m
  [1m[36mTRANSACTION (0.2ms)[0m  [1m[35mBEGIN[0m
  [1m[36mUser Exists? (0.3ms)[0m  [1m[34mSELECT 1 AS one FROM "users" WHERE "users"."email" = $1 LIMIT $2[0m  [["email", "kenna@luettgen-waelchi.org"], ["LIMIT", 1]]
  [1m[36mUser Create (0.2ms)[0m  [1m[32mINSERT INTO "users" ("email", "password_digest", "created_at", "updated_at") VALUES ($1, $2, $3, $4) RETURNING "id"[0m  [["email", "kenna@luettgen-waelchi.org"], ["password_digest", "$2a$12$tneWEeiSleD5pfbp8IU/KuJp3.DyeJVaOU2LFIM2N3iOnx/GSN9By"], ["created_at", "2021-08-27 16:46:44.383023"], ["updated_at", "2021-08-27 16:46:44.383023"]]
  [1m[36mTRANSACTION (0.4ms)[0m  [1m[35mCOMMIT[0m
  [1m[36mTRANSACTION (0.1ms)[0m  [1m[35mBEGIN[0m
  [1m[36mUser Exists? (0.2ms)[0m  [1m[34mSELECT 1 AS one FROM "users" WHERE "users"."email" = $1 LIMIT $2[0m  [["email", "olinda@fritsch-vonrueden.biz"], ["LIMIT", 1]]
  [1m[36mUser Create (0.1ms)[0m  [1m[32mINSERT INTO "users" ("email", "password_digest", "created_at", "updated_at") VALUES ($1, $2, $3, $4) RETURNING "id"[0m  [["email", "olinda@fritsch-vonrueden.biz"], ["password_digest", "$2a$12$iGIe1tv5BH8v/RxCzfPS/eOzOC6kt.CeQX5Fz9Mlar/7Gm3A578wa"], ["created_at", "2021-08-27 16:46:44.557897"], ["updated_at", "2021-08-27 16:46:44.557897"]]
  [1m[36mTRANSACTION (1.0ms)[0m  [1m[35mCOMMIT[0m
  [1m[36mUser Load (0.3ms)[0m  [1m[34mSELECT "users".* FROM "users"[0m
  [1m[36mTRANSACTION (0.1ms)[0m  [1m[35mBEGIN[0m
  [1m[36mAuction Create (0.6ms)[0m  [1m[32mINSERT INTO "auctions" ("title", "description", "end_date", "reserve_price", "created_at", "updated_at", "user_id") VALUES ($1, $2, $3, $4, $5, $6, $7) RETURNING "id"[0m  [["title", "Kimchi refrigerator"], ["description", "That's good. Go on, read some more."], ["end_date", "2021-10-13"], ["reserve_price", 668], ["created_at", "2021-08-17 00:00:00"], ["updated_at", "2021-08-17 00:00:00"], ["user_id", 8]]
  [1m[36mTRANSACTION (0.3ms)[0m  [1m[35mCOMMIT[0m
  [1m[36mBid Load (0.2ms)[0m  [1m[34mSELECT "bids".* FROM "bids" WHERE "bids"."auction_id" = $1[0m  [["auction_id", 1]]
  [1m[36mTRANSACTION (0.1ms)[0m  [1m[35mBEGIN[0m
  [1m[36mBid Create (0.6ms)[0m  [1m[32mINSERT INTO "bids" ("amount", "auction_id", "created_at", "updated_at", "user_id") VALUES ($1, $2, $3, $4, $5) RETURNING "id"[0m  [["amount", 632], ["auction_id", 1], ["created_at", "2021-08-27 16:46:44.602010"], ["updated_at", "2021-08-27 16:46:44.602010"], ["user_id", 5]]
  [1m[36mBid Create (0.2ms)[0m  [1m[32mINSERT INTO "bids" ("amount", "auction_id", "created_at", "updated_at", "user_id") VALUES ($1, $2, $3, $4, $5) RETURNING "id"[0m  [["amount", 369], ["auction_id", 1], ["created_at", "2021-08-27 16:46:44.604869"], ["updated_at", "2021-08-27 16:46:44.604869"], ["user_id", 6]]
  [1m[36mTRANSACTION (0.4ms)[0m  [1m[35mCOMMIT[0m
  [1m[36mTRANSACTION (0.1ms)[0m  [1m[35mBEGIN[0m
  [1m[36mAuction Create (0.2ms)[0m  [1m[32mINSERT INTO "auctions" ("title", "description", "end_date", "reserve_price", "created_at", "updated_at", "user_id") VALUES ($1, $2, $3, $4, $5, $6, $7) RETURNING "id"[0m  [["title", "Oil heater"], ["description", "Yes, it's tough, but not as tough as doing comedy."], ["end_date", "2021-09-07"], ["reserve_price", 565], ["created_at", "2021-08-15 00:00:00"], ["updated_at", "2021-08-15 00:00:00"], ["user_id", 2]]
  [1m[36mTRANSACTION (0.4ms)[0m  [1m[35mCOMMIT[0m
  [1m[36mBid Load (0.2ms)[0m  [1m[34mSELECT "bids".* FROM "bids" WHERE "bids"."auction_id" = $1[0m  [["auction_id", 2]]
  [1m[36mTRANSACTION (0.1ms)[0m  [1m[35mBEGIN[0m
  [1m[36mBid Create (0.3ms)[0m  [1m[32mINSERT INTO "bids" ("amount", "auction_id", "created_at", "updated_at", "user_id") VALUES ($1, $2, $3, $4, $5) RETURNING "id"[0m  [["amount", 512], ["auction_id", 2], ["created_at", "2021-08-27 16:46:44.612405"], ["updated_at", "2021-08-27 16:46:44.612405"], ["user_id", 3]]
  [1m[36mBid Create (0.2ms)[0m  [1m[32mINSERT INTO "bids" ("amount", "auction_id", "created_at", "updated_at", "user_id") VALUES ($1, $2, $3, $4, $5) RETURNING "id"[0m  [["amount", 424], ["auction_id", 2], ["created_at", "2021-08-27 16:46:44.614556"], ["updated_at", "2021-08-27 16:46:44.614556"], ["user_id", 11]]
  [1m[36mBid Create (0.2ms)[0m  [1m[32mINSERT INTO "bids" ("amount", "auction_id", "created_at", "updated_at", "user_id") VALUES ($1, $2, $3, $4, $5) RETURNING "id"[0m  [["amount", 384], ["auction_id", 2], ["created_at", "2021-08-27 16:46:44.615679"], ["updated_at", "2021-08-27 16:46:44.615679"], ["user_id", 6]]
  [1m[36mTRANSACTION (0.3ms)[0m  [1m[35mCOMMIT[0m
  [1m[36mTRANSACTION (0.1ms)[0m  [1m[35mBEGIN[0m
  [1m[36mAuction Create (0.2ms)[0m  [1m[32mINSERT INTO "auctions" ("title", "description", "end_date", "reserve_price", "created_at", "updated_at", "user_id") VALUES ($1, $2, $3, $4, $5, $6, $7) RETURNING "id"[0m  [["title", "Sump pump"], ["description", "Goodnight, my darlings, I'll see you tomorrow."], ["end_date", "2021-09-04"], ["reserve_price", 373], ["created_at", "2021-08-13 00:00:00"], ["updated_at", "2021-08-13 00:00:00"], ["user_id", 10]]
  [1m[36mTRANSACTION (0.3ms)[0m  [1m[35mCOMMIT[0m
  [1m[36mBid Load (0.1ms)[0m  [1m[34mSELECT "bids".* FROM "bids" WHERE "bids"."auction_id" = $1[0m  [["auction_id", 3]]
  [1m[36mTRANSACTION (0.1ms)[0m  [1m[35mBEGIN[0m
  [1m[36mBid Create (0.2ms)[0m  [1m[32mINSERT INTO "bids" ("amount", "auction_id", "created_at", "updated_at", "user_id") VALUES ($1, $2, $3, $4, $5) RETURNING "id"[0m  [["amount", 359], ["auction_id", 3], ["created_at", "2021-08-27 16:46:44.621890"], ["updated_at", "2021-08-27 16:46:44.621890"], ["user_id", 2]]
  [1m[36mBid Create (0.1ms)[0m  [1m[32mINSERT INTO "bids" ("amount", "auction_id", "created_at", "updated_at", "user_id") VALUES ($1, $2, $3, $4, $5) RETURNING "id"[0m  [["amount", 319], ["auction_id", 3], ["created_at", "2021-08-27 16:46:44.623786"], ["updated_at", "2021-08-27 16:46:44.623786"], ["user_id", 7]]
  [1m[36mBid Create (0.1ms)[0m  [1m[32mINSERT INTO "bids" ("amount", "auction_id", "created_at", "updated_at", "user_id") VALUES ($1, $2, $3, $4, $5) RETURNING "id"[0m  [["amount", 359], ["auction_id", 3], ["created_at", "2021-08-27 16:46:44.624773"], ["updated_at", "2021-08-27 16:46:44.624773"], ["user_id", 3]]
  [1m[36mTRANSACTION (0.3ms)[0m  [1m[35mCOMMIT[0m
  [1m[36mTRANSACTION (0.1ms)[0m  [1m[35mBEGIN[0m
  [1m[36mAuction Create (0.2ms)[0m  [1m[32mINSERT INTO "auctions" ("title", "description", "end_date", "reserve_price", "created_at", "updated_at", "user_id") VALUES ($1, $2, $3, $4, $5, $6, $7) RETURNING "id"[0m  [["title", "Clothes iron"], ["description", "Well, this is certainly a pleasant surprise."], ["end_date", "2021-09-07"], ["reserve_price", 876], ["created_at", "2021-08-13 00:00:00"], ["updated_at", "2021-08-13 00:00:00"], ["user_id", 5]]
  [1m[36mTRANSACTION (0.2ms)[0m  [1m[35mCOMMIT[0m
  [1m[36mBid Load (0.2ms)[0m  [1m[34mSELECT "bids".* FROM "bids" WHERE "bids"."auction_id" = $1[0m  [["auction_id", 4]]
  [1m[36mTRANSACTION (0.1ms)[0m  [1m[35mBEGIN[0m
  [1m[36mBid Create (0.2ms)[0m  [1m[32mINSERT INTO "bids" ("amount", "auction_id", "created_at", "updated_at", "user_id") VALUES ($1, $2, $3, $4, $5) RETURNING "id"[0m  [["amount", 702], ["auction_id", 4], ["created_at", "2021-08-27 16:46:44.630510"], ["updated_at", "2021-08-27 16:46:44.630510"], ["user_id", 7]]
  [1m[36mBid Create (0.2ms)[0m  [1m[32mINSERT INTO "bids" ("amount", "auction_id", "created_at", "updated_at", "user_id") VALUES ($1, $2, $3, $4, $5) RETURNING "id"[0m  [["amount", 809], ["auction_id", 4], ["created_at", "2021-08-27 16:46:44.632321"], ["updated_at", "2021-08-27 16:46:44.632321"], ["user_id", 3]]
  [1m[36mTRANSACTION (0.4ms)[0m  [1m[35mCOMMIT[0m
  [1m[36mTRANSACTION (0.1ms)[0m  [1m[35mBEGIN[0m
  [1m[36mAuction Create (0.2ms)[0m  [1m[32mINSERT INTO "auctions" ("title", "description", "end_date", "reserve_price", "created_at", "updated_at", "user_id") VALUES ($1, $2, $3, $4, $5, $6, $7) RETURNING "id"[0m  [["title", "Dishwasher"], ["description", "Am I dying, or is this my birthday?"], ["end_date", "2021-08-29"], ["reserve_price", 436], ["created_at", "2021-08-25 00:00:00"], ["updated_at", "2021-08-25 00:00:00"], ["user_id", 1]]
  [1m[36mTRANSACTION (0.3ms)[0m  [1m[35mCOMMIT[0m
  [1m[36mBid Load (0.1ms)[0m  [1m[34mSELECT "bids".* FROM "bids" WHERE "bids"."auction_id" = $1[0m  [["auction_id", 5]]
  [1m[36mTRANSACTION (0.1ms)[0m  [1m[35mBEGIN[0m
  [1m[36mBid Create (0.2ms)[0m  [1m[32mINSERT INTO "bids" ("amount", "auction_id", "created_at", "updated_at", "user_id") VALUES ($1, $2, $3, $4, $5) RETURNING "id"[0m  [["amount", 330], ["auction_id", 5], ["created_at", "2021-08-27 16:46:44.638834"], ["updated_at", "2021-08-27 16:46:44.638834"], ["user_id", 8]]
  [1m[36mBid Create (0.2ms)[0m  [1m[32mINSERT INTO "bids" ("amount", "auction_id", "created_at", "updated_at", "user_id") VALUES ($1, $2, $3, $4, $5) RETURNING "id"[0m  [["amount", 328], ["auction_id", 5], ["created_at", "2021-08-27 16:46:44.640737"], ["updated_at", "2021-08-27 16:46:44.640737"], ["user_id", 1]]
  [1m[36mTRANSACTION (0.3ms)[0m  [1m[35mCOMMIT[0m
  [1m[36mTRANSACTION (0.1ms)[0m  [1m[35mBEGIN[0m
  [1m[36mAuction Create (0.3ms)[0m  [1m[32mINSERT INTO "auctions" ("title", "description", "end_date", "reserve_price", "created_at", "updated_at", "user_id") VALUES ($1, $2, $3, $4, $5, $6, $7) RETURNING "id"[0m  [["title", "Evaporative cooler"], ["description", "One! Two! Three!"], ["end_date", "2021-09-26"], ["reserve_price", 174], ["created_at", "2021-08-17 00:00:00"], ["updated_at", "2021-08-17 00:00:00"], ["user_id", 4]]
  [1m[36mTRANSACTION (0.4ms)[0m  [1m[35mCOMMIT[0m
  [1m[36mBid Load (0.1ms)[0m  [1m[34mSELECT "bids".* FROM "bids" WHERE "bids"."auction_id" = $1[0m  [["auction_id", 6]]
  [1m[36mTRANSACTION (0.1ms)[0m  [1m[35mBEGIN[0m
  [1m[36mBid Create (0.2ms)[0m  [1m[32mINSERT INTO "bids" ("amount", "auction_id", "created_at", "updated_at", "user_id") VALUES ($1, $2, $3, $4, $5) RETURNING "id"[0m  [["amount", 211], ["auction_id", 6], ["created_at", "2021-08-27 16:46:44.647371"], ["updated_at", "2021-08-27 16:46:44.647371"], ["user_id", 7]]
  [1m[36mBid Create (0.2ms)[0m  [1m[32mINSERT INTO "bids" ("amount", "auction_id", "created_at", "updated_at", "user_id") VALUES ($1, $2, $3, $4, $5) RETURNING "id"[0m  [["amount", 266], ["auction_id", 6], ["created_at", "2021-08-27 16:46:44.649433"], ["updated_at", "2021-08-27 16:46:44.649433"], ["user_id", 11]]
  [1m[36mTRANSACTION (0.3ms)[0m  [1m[35mCOMMIT[0m
  [1m[36mTRANSACTION (0.1ms)[0m  [1m[35mBEGIN[0m
  [1m[36mAuction Create (0.2ms)[0m  [1m[32mINSERT INTO "auctions" ("title", "description", "end_date", "reserve_price", "created_at", "updated_at", "user_id") VALUES ($1, $2, $3, $4, $5, $6, $7) RETURNING "id"[0m  [["title", "Tie press"], ["description", "Happy."], ["end_date", "2021-10-19"], ["reserve_price", 844], ["created_at", "2021-08-07 00:00:00"], ["updated_at", "2021-08-07 00:00:00"], ["user_id", 11]]
  [1m[36mTRANSACTION (0.3ms)[0m  [1m[35mCOMMIT[0m
  [1m[36mBid Load (0.1ms)[0m  [1m[34mSELECT "bids".* FROM "bids" WHERE "bids"."auction_id" = $1[0m  [["auction_id", 7]]
  [1m[36mTRANSACTION (0.1ms)[0m  [1m[35mBEGIN[0m
  [1m[36mBid Create (0.2ms)[0m  [1m[32mINSERT INTO "bids" ("amount", "auction_id", "created_at", "updated_at", "user_id") VALUES ($1, $2, $3, $4, $5) RETURNING "id"[0m  [["amount", 836], ["auction_id", 7], ["created_at", "2021-08-27 16:46:44.655347"], ["updated_at", "2021-08-27 16:46:44.655347"], ["user_id", 2]]
  [1m[36mBid Create (0.2ms)[0m  [1m[32mINSERT INTO "bids" ("amount", "auction_id", "created_at", "updated_at", "user_id") VALUES ($1, $2, $3, $4, $5) RETURNING "id"[0m  [["amount", 798], ["auction_id", 7], ["created_at", "2021-08-27 16:46:44.657063"], ["updated_at", "2021-08-27 16:46:44.657063"], ["user_id", 1]]
  [1m[36mBid Create (0.1ms)[0m  [1m[32mINSERT INTO "bids" ("amount", "auction_id", "created_at", "updated_at", "user_id") VALUES ($1, $2, $3, $4, $5) RETURNING "id"[0m  [["amount", 828], ["auction_id", 7], ["created_at", "2021-08-27 16:46:44.658073"], ["updated_at", "2021-08-27 16:46:44.658073"], ["user_id", 2]]
  [1m[36mTRANSACTION (0.4ms)[0m  [1m[35mCOMMIT[0m
  [1m[36mTRANSACTION (0.1ms)[0m  [1m[35mBEGIN[0m
  [1m[36mAuction Create (0.2ms)[0m  [1m[32mINSERT INTO "auctions" ("title", "description", "end_date", "reserve_price", "created_at", "updated_at", "user_id") VALUES ($1, $2, $3, $4, $5, $6, $7) RETURNING "id"[0m  [["title", "Fan heater"], ["description", "I want your bunk!"], ["end_date", "2021-09-05"], ["reserve_price", 47], ["created_at", "2021-08-22 00:00:00"], ["updated_at", "2021-08-22 00:00:00"], ["user_id", 8]]
  [1m[36mTRANSACTION (0.3ms)[0m  [1m[35mCOMMIT[0m
  [1m[36mBid Load (0.1ms)[0m  [1m[34mSELECT "bids".* FROM "bids" WHERE "bids"."auction_id" = $1[0m  [["auction_id", 8]]
  [1m[36mTRANSACTION (0.1ms)[0m  [1m[35mBEGIN[0m
  [1m[36mBid Create (0.2ms)[0m  [1m[32mINSERT INTO "bids" ("amount", "auction_id", "created_at", "updated_at", "user_id") VALUES ($1, $2, $3, $4, $5) RETURNING "id"[0m  [["amount", 269], ["auction_id", 8], ["created_at", "2021-08-27 16:46:44.664275"], ["updated_at", "2021-08-27 16:46:44.664275"], ["user_id", 2]]
  [1m[36mBid Create (0.1ms)[0m  [1m[32mINSERT INTO "bids" ("amount", "auction_id", "created_at", "updated_at", "user_id") VALUES ($1, $2, $3, $4, $5) RETURNING "id"[0m  [["amount", 273], ["auction_id", 8], ["created_at", "2021-08-27 16:46:44.666202"], ["updated_at", "2021-08-27 16:46:44.666202"], ["user_id", 7]]
  [1m[36mBid Create (0.3ms)[0m  [1m[32mINSERT INTO "bids" ("amount", "auction_id", "created_at", "updated_at", "user_id") VALUES ($1, $2, $3, $4, $5) RETURNING "id"[0m  [["amount", 55], ["auction_id", 8], ["created_at", "2021-08-27 16:46:44.667190"], ["updated_at", "2021-08-27 16:46:44.667190"], ["user_id", 1]]
  [1m[36mBid Create (0.2ms)[0m  [1m[32mINSERT INTO "bids" ("amount", "auction_id", "created_at", "updated_at", "user_id") VALUES ($1, $2, $3, $4, $5) RETURNING "id"[0m  [["amount", 263], ["auction_id", 8], ["created_at", "2021-08-27 16:46:44.668383"], ["updated_at", "2021-08-27 16:46:44.668383"], ["user_id", 3]]
  [1m[36mBid Create (0.2ms)[0m  [1m[32mINSERT INTO "bids" ("amount", "auction_id", "created_at", "updated_at", "user_id") VALUES ($1, $2, $3, $4, $5) RETURNING "id"[0m  [["amount", 106], ["auction_id", 8], ["created_at", "2021-08-27 16:46:44.669596"], ["updated_at", "2021-08-27 16:46:44.669596"], ["user_id", 8]]
  [1m[36mTRANSACTION (0.3ms)[0m  [1m[35mCOMMIT[0m
  [1m[36mTRANSACTION (0.1ms)[0m  [1m[35mBEGIN[0m
  [1m[36mAuction Create (0.2ms)[0m  [1m[32mINSERT INTO "auctions" ("title", "description", "end_date", "reserve_price", "created_at", "updated_at", "user_id") VALUES ($1, $2, $3, $4, $5, $6, $7) RETURNING "id"[0m  [["title", "Central vacuum cleaner"], ["description", "No comment."], ["end_date", "2021-10-08"], ["reserve_price", 462], ["created_at", "2021-08-02 00:00:00"], ["updated_at", "2021-08-02 00:00:00"], ["user_id", 7]]
  [1m[36mTRANSACTION (0.3ms)[0m  [1m[35mCOMMIT[0m
  [1m[36mBid Load (0.1ms)[0m  [1m[34mSELECT "bids".* FROM "bids" WHERE "bids"."auction_id" = $1[0m  [["auction_id", 9]]
  [1m[36mTRANSACTION (0.1ms)[0m  [1m[35mBEGIN[0m
  [1m[36mBid Create (0.2ms)[0m  [1m[32mINSERT INTO "bids" ("amount", "auction_id", "created_at", "updated_at", "user_id") VALUES ($1, $2, $3, $4, $5) RETURNING "id"[0m  [["amount", 444], ["auction_id", 9], ["created_at", "2021-08-27 16:46:44.676000"], ["updated_at", "2021-08-27 16:46:44.676000"], ["user_id", 1]]
  [1m[36mBid Create (0.2ms)[0m  [1m[32mINSERT INTO "bids" ("amount", "auction_id", "created_at", "updated_at", "user_id") VALUES ($1, $2, $3, $4, $5) RETURNING "id"[0m  [["amount", 365], ["auction_id", 9], ["created_at", "2021-08-27 16:46:44.677861"], ["updated_at", "2021-08-27 16:46:44.677861"], ["user_id", 4]]
  [1m[36mTRANSACTION (0.3ms)[0m  [1m[35mCOMMIT[0m
  [1m[36mTRANSACTION (0.1ms)[0m  [1m[35mBEGIN[0m
  [1m[36mAuction Create (0.2ms)[0m  [1m[32mINSERT INTO "auctions" ("title", "description", "end_date", "reserve_price", "created_at", "updated_at", "user_id") VALUES ($1, $2, $3, $4, $5, $6, $7) RETURNING "id"[0m  [["title", "Oil heater"], ["description", "I want your bunk!"], ["end_date", "2021-10-01"], ["reserve_price", 456], ["created_at", "2021-08-24 00:00:00"], ["updated_at", "2021-08-24 00:00:00"], ["user_id", 10]]
  [1m[36mTRANSACTION (0.3ms)[0m  [1m[35mCOMMIT[0m
  [1m[36mBid Load (0.1ms)[0m  [1m[34mSELECT "bids".* FROM "bids" WHERE "bids"."auction_id" = $1[0m  [["auction_id", 10]]
  [1m[36mTRANSACTION (0.1ms)[0m  [1m[35mBEGIN[0m
  [1m[36mBid Create (0.2ms)[0m  [1m[32mINSERT INTO "bids" ("amount", "auction_id", "created_at", "updated_at", "user_id") VALUES ($1, $2, $3, $4, $5) RETURNING "id"[0m  [["amount", 353], ["auction_id", 10], ["created_at", "2021-08-27 16:46:44.683202"], ["updated_at", "2021-08-27 16:46:44.683202"], ["user_id", 7]]
  [1m[36mTRANSACTION (0.2ms)[0m  [1m[35mCOMMIT[0m
  [1m[35m (0.3ms)[0m  [1m[34mSELECT COUNT(*) FROM "auctions"[0m
  [1m[35m (0.1ms)[0m  [1m[34mSELECT COUNT(*) FROM "bids"[0m
  [1m[35m (0.1ms)[0m  [1m[34mSELECT COUNT(*) FROM "users"[0m
Started GET "/" for ::1 at 2021-08-27 13:00:38 -0400
  [1m[35m (0.7ms)[0m  [1m[34mSELECT "schema_migrations"."version" FROM "schema_migrations" ORDER BY "schema_migrations"."version" ASC[0m
  
ActionController::RoutingError (uninitialized constant AuctionsController
Did you mean?  ActionController):
  
Started GET "/api/v1/auctions" for ::1 at 2021-08-27 13:00:59 -0400
Processing by Api::V1::AuctionsController#index as JSON
  [1m[36mAuction Load (1.3ms)[0m  [1m[34mSELECT "auctions".* FROM "auctions" ORDER BY "auctions"."id" ASC[0m
  ↳ app/controllers/api/v1/auctions_controller.rb:6:in `index'
Completed 200 OK in 29ms (Views: 9.5ms | ActiveRecord: 6.8ms | Allocations: 10380)


Started GET "/api/v1/auctions/2" for ::1 at 2021-08-27 13:01:05 -0400
Processing by Api::V1::AuctionsController#show as JSON
  Parameters: {"id"=>"2"}
  [1m[36mAuction Load (0.6ms)[0m  [1m[34mSELECT "auctions".* FROM "auctions" WHERE "auctions"."id" = $1 LIMIT $2[0m  [["id", 2], ["LIMIT", 1]]
  ↳ app/controllers/api/v1/auctions_controller.rb:22:in `find_auction'
Completed 200 OK in 12ms (Views: 0.4ms | ActiveRecord: 1.5ms | Allocations: 3414)


Started POST "/api/v1/session" for ::1 at 2021-08-27 13:31:58 -0400
  [1m[35m (0.8ms)[0m  [1m[34mSELECT "schema_migrations"."version" FROM "schema_migrations" ORDER BY "schema_migrations"."version" ASC[0m
  
AbstractController::ActionNotFound (The action 'create' could not be found for Api::V1::SessionsController):
  
actionpack (6.1.4.1) lib/abstract_controller/base.rb:160:in `process'
actionview (6.1.4.1) lib/action_view/rendering.rb:39:in `process'
actionpack (6.1.4.1) lib/action_controller/metal.rb:190:in `dispatch'
actionpack (6.1.4.1) lib/action_controller/metal.rb:254:in `dispatch'
actionpack (6.1.4.1) lib/action_dispatch/routing/route_set.rb:50:in `dispatch'
actionpack (6.1.4.1) lib/action_dispatch/routing/route_set.rb:33:in `serve'
actionpack (6.1.4.1) lib/action_dispatch/journey/router.rb:50:in `block in serve'
actionpack (6.1.4.1) lib/action_dispatch/journey/router.rb:32:in `each'
actionpack (6.1.4.1) lib/action_dispatch/journey/router.rb:32:in `serve'
actionpack (6.1.4.1) lib/action_dispatch/routing/route_set.rb:842:in `call'
rack (2.2.3) lib/rack/tempfile_reaper.rb:15:in `call'
rack (2.2.3) lib/rack/etag.rb:27:in `call'
rack (2.2.3) lib/rack/conditional_get.rb:40:in `call'
rack (2.2.3) lib/rack/head.rb:12:in `call'
actionpack (6.1.4.1) lib/action_dispatch/http/permissions_policy.rb:22:in `call'
actionpack (6.1.4.1) lib/action_dispatch/http/content_security_policy.rb:18:in `call'
rack (2.2.3) lib/rack/session/abstract/id.rb:266:in `context'
rack (2.2.3) lib/rack/session/abstract/id.rb:260:in `call'
actionpack (6.1.4.1) lib/action_dispatch/middleware/cookies.rb:689:in `call'
activerecord (6.1.4.1) lib/active_record/migration.rb:601:in `call'
actionpack (6.1.4.1) lib/action_dispatch/middleware/callbacks.rb:27:in `block in call'
activesupport (6.1.4.1) lib/active_support/callbacks.rb:98:in `run_callbacks'
actionpack (6.1.4.1) lib/action_dispatch/middleware/callbacks.rb:26:in `call'
actionpack (6.1.4.1) lib/action_dispatch/middleware/executor.rb:14:in `call'
actionpack (6.1.4.1) lib/action_dispatch/middleware/actionable_exceptions.rb:18:in `call'
actionpack (6.1.4.1) lib/action_dispatch/middleware/debug_exceptions.rb:29:in `call'
web-console (4.1.0) lib/web_console/middleware.rb:132:in `call_app'
web-console (4.1.0) lib/web_console/middleware.rb:28:in `block in call'
web-console (4.1.0) lib/web_console/middleware.rb:17:in `catch'
web-console (4.1.0) lib/web_console/middleware.rb:17:in `call'
actionpack (6.1.4.1) lib/action_dispatch/middleware/show_exceptions.rb:33:in `call'
railties (6.1.4.1) lib/rails/rack/logger.rb:37:in `call_app'
railties (6.1.4.1) lib/rails/rack/logger.rb:26:in `block in call'
activesupport (6.1.4.1) lib/active_support/tagged_logging.rb:99:in `block in tagged'
activesupport (6.1.4.1) lib/active_support/tagged_logging.rb:37:in `tagged'
activesupport (6.1.4.1) lib/active_support/tagged_logging.rb:99:in `tagged'
railties (6.1.4.1) lib/rails/rack/logger.rb:26:in `call'
sprockets-rails (3.2.2) lib/sprockets/rails/quiet_assets.rb:13:in `call'
actionpack (6.1.4.1) lib/action_dispatch/middleware/remote_ip.rb:81:in `call'
actionpack (6.1.4.1) lib/action_dispatch/middleware/request_id.rb:26:in `call'
rack (2.2.3) lib/rack/method_override.rb:24:in `call'
rack (2.2.3) lib/rack/runtime.rb:22:in `call'
activesupport (6.1.4.1) lib/active_support/cache/strategy/local_cache_middleware.rb:29:in `call'
actionpack (6.1.4.1) lib/action_dispatch/middleware/executor.rb:14:in `call'
actionpack (6.1.4.1) lib/action_dispatch/middleware/static.rb:24:in `call'
rack (2.2.3) lib/rack/sendfile.rb:110:in `call'
actionpack (6.1.4.1) lib/action_dispatch/middleware/host_authorization.rb:98:in `call'
rack-mini-profiler (2.3.2) lib/mini_profiler/profiler.rb:384:in `call'
rack-cors (1.1.1) lib/rack/cors.rb:100:in `call'
webpacker (5.4.2) lib/webpacker/dev_server_proxy.rb:25:in `perform_request'
rack-proxy (0.7.0) lib/rack/proxy.rb:63:in `call'
railties (6.1.4.1) lib/rails/engine.rb:539:in `call'
puma (5.4.0) lib/puma/configuration.rb:249:in `call'
puma (5.4.0) lib/puma/request.rb:77:in `block in handle_request'
puma (5.4.0) lib/puma/thread_pool.rb:340:in `with_force_shutdown'
puma (5.4.0) lib/puma/request.rb:76:in `handle_request'
puma (5.4.0) lib/puma/server.rb:440:in `process_client'
puma (5.4.0) lib/puma/thread_pool.rb:147:in `block in spawn_thread'
Started POST "/api/v1/session" for ::1 at 2021-08-27 13:33:09 -0400
Processing by Api::V1::SessionsController#create as JSON
  Parameters: {"email"=>"js@winterfell.gov", "password"=>"[FILTERED]", "session"=>{"email"=>"js@winterfell.gov", "password"=>"[FILTERED]"}}
  [1m[36mUser Load (0.7ms)[0m  [1m[34mSELECT "users".* FROM "users" WHERE "users"."email" = $1 LIMIT $2[0m  [["email", "js@winterfell.gov"], ["LIMIT", 1]]
  ↳ app/controllers/api/v1/sessions_controller.rb:3:in `create'
Completed 200 OK in 223ms (Views: 0.3ms | ActiveRecord: 15.2ms | Allocations: 8723)


Started POST "/api/v1/session" for ::1 at 2021-08-27 13:33:22 -0400
Processing by Api::V1::SessionsController#create as JSON
  Parameters: {"email"=>"js@winterfell.gov", "password"=>"[FILTERED]", "session"=>{"email"=>"js@winterfell.gov", "password"=>"[FILTERED]"}}
  [1m[36mUser Load (11.8ms)[0m  [1m[34mSELECT "users".* FROM "users" WHERE "users"."email" = $1 LIMIT $2[0m  [["email", "js@winterfell.gov"], ["LIMIT", 1]]
  ↳ app/controllers/api/v1/sessions_controller.rb:3:in `create'
Completed 200 OK in 230ms (Views: 0.3ms | ActiveRecord: 11.8ms | Allocations: 945)


Started POST "/api/v1/session" for ::1 at 2021-08-27 13:42:30 -0400
Processing by Api::V1::SessionsController#create as JSON
  Parameters: {"email"=>"js@winterfell.gov", "password"=>"[FILTERED]", "session"=>{"email"=>"js@winterfell.gov", "password"=>"[FILTERED]"}}
  [1m[36mUser Load (1.2ms)[0m  [1m[34mSELECT "users".* FROM "users" WHERE "users"."email" = $1 LIMIT $2[0m  [["email", "js@winterfell.gov"], ["LIMIT", 1]]
  ↳ app/controllers/api/v1/sessions_controller.rb:3:in `create'
Completed 200 OK in 212ms (Views: 0.2ms | ActiveRecord: 9.4ms | Allocations: 8102)


Started POST "/api/v1/session" for ::1 at 2021-08-27 13:45:21 -0400
Processing by Api::V1::SessionsController#create as JSON
  Parameters: {"email"=>"js@winterfell.gov", "password"=>"[FILTERED]", "session"=>{"email"=>"js@winterfell.gov", "password"=>"[FILTERED]"}}
  [1m[36mUser Load (0.9ms)[0m  [1m[34mSELECT "users".* FROM "users" WHERE "users"."email" = $1 LIMIT $2[0m  [["email", "js@winterfell.gov"], ["LIMIT", 1]]
  ↳ app/controllers/api/v1/sessions_controller.rb:3:in `create'
Completed 200 OK in 208ms (Views: 0.1ms | ActiveRecord: 0.9ms | Allocations: 987)


Started POST "/api/v1/session" for ::1 at 2021-08-27 13:45:59 -0400
Processing by Api::V1::SessionsController#create as JSON
  Parameters: {"email"=>"js@winterfell.gov", "password"=>"[FILTERED]", "session"=>{"email"=>"js@winterfell.gov", "password"=>"[FILTERED]"}}
  [1m[36mUser Load (0.8ms)[0m  [1m[34mSELECT "users".* FROM "users" WHERE "users"."email" = $1 LIMIT $2[0m  [["email", "js@winterfell.gov"], ["LIMIT", 1]]
  ↳ app/controllers/api/v1/sessions_controller.rb:3:in `create'
Completed 200 OK in 198ms (Views: 0.2ms | ActiveRecord: 0.8ms | Allocations: 971)


Started POST "/api/v1/session" for ::1 at 2021-08-27 13:46:00 -0400
Processing by Api::V1::SessionsController#create as JSON
  Parameters: {"email"=>"js@winterfell.gov", "password"=>"[FILTERED]", "session"=>{"email"=>"js@winterfell.gov", "password"=>"[FILTERED]"}}
  [1m[36mUser Load (1.0ms)[0m  [1m[34mSELECT "users".* FROM "users" WHERE "users"."email" = $1 LIMIT $2[0m  [["email", "js@winterfell.gov"], ["LIMIT", 1]]
  ↳ app/controllers/api/v1/sessions_controller.rb:3:in `create'
Completed 200 OK in 195ms (Views: 0.1ms | ActiveRecord: 1.0ms | Allocations: 971)


Started POST "/api/v1/session" for ::1 at 2021-08-27 13:46:02 -0400
Processing by Api::V1::SessionsController#create as JSON
  Parameters: {"email"=>"js@winterfell.gov", "password"=>"[FILTERED]", "session"=>{"email"=>"js@winterfell.gov", "password"=>"[FILTERED]"}}
  [1m[36mUser Load (0.8ms)[0m  [1m[34mSELECT "users".* FROM "users" WHERE "users"."email" = $1 LIMIT $2[0m  [["email", "js@winterfell.gov"], ["LIMIT", 1]]
  ↳ app/controllers/api/v1/sessions_controller.rb:3:in `create'
Completed 200 OK in 189ms (Views: 0.2ms | ActiveRecord: 0.8ms | Allocations: 987)


Started POST "/api/v1/session" for ::1 at 2021-08-27 13:46:04 -0400
Processing by Api::V1::SessionsController#create as JSON
  Parameters: {"email"=>"js@winterfell.gov", "password"=>"[FILTERED]", "session"=>{"email"=>"js@winterfell.gov", "password"=>"[FILTERED]"}}
  [1m[36mUser Load (0.6ms)[0m  [1m[34mSELECT "users".* FROM "users" WHERE "users"."email" = $1 LIMIT $2[0m  [["email", "js@winterfell.gov"], ["LIMIT", 1]]
  ↳ app/controllers/api/v1/sessions_controller.rb:3:in `create'
Completed 200 OK in 192ms (Views: 0.1ms | ActiveRecord: 0.6ms | Allocations: 971)


Started POST "/api/v1/session" for ::1 at 2021-08-27 13:46:09 -0400
Processing by Api::V1::SessionsController#create as JSON
  Parameters: {"email"=>"js@winterfell.gov", "password"=>"[FILTERED]", "session"=>{"email"=>"js@winterfell.gov", "password"=>"[FILTERED]"}}
  [1m[36mUser Load (0.6ms)[0m  [1m[34mSELECT "users".* FROM "users" WHERE "users"."email" = $1 LIMIT $2[0m  [["email", "js@winterfell.gov"], ["LIMIT", 1]]
  ↳ app/controllers/api/v1/sessions_controller.rb:3:in `create'
Completed 200 OK in 186ms (Views: 0.1ms | ActiveRecord: 0.6ms | Allocations: 971)


Started POST "/api/v1/session" for ::1 at 2021-08-27 13:46:31 -0400
Processing by Api::V1::SessionsController#create as JSON
  Parameters: {"email"=>"js@winterfell.gov", "password"=>"[FILTERED]", "session"=>{"email"=>"js@winterfell.gov", "password"=>"[FILTERED]"}}
  [1m[36mUser Load (0.9ms)[0m  [1m[34mSELECT "users".* FROM "users" WHERE "users"."email" = $1 LIMIT $2[0m  [["email", "js@winterfell.gov"], ["LIMIT", 1]]
  ↳ app/controllers/api/v1/sessions_controller.rb:3:in `create'
Completed 200 OK in 195ms (Views: 0.2ms | ActiveRecord: 0.9ms | Allocations: 971)


Started POST "/api/v1/session" for ::1 at 2021-08-27 13:46:40 -0400
Processing by Api::V1::SessionsController#create as JSON
  Parameters: {"email"=>"js@winterfell.gov", "password"=>"[FILTERED]", "session"=>{"email"=>"js@winterfell.gov", "password"=>"[FILTERED]"}}
  [1m[36mUser Load (0.5ms)[0m  [1m[34mSELECT "users".* FROM "users" WHERE "users"."email" = $1 LIMIT $2[0m  [["email", "js@winterfell.gov"], ["LIMIT", 1]]
  ↳ app/controllers/api/v1/sessions_controller.rb:3:in `create'
Completed 200 OK in 192ms (Views: 0.1ms | ActiveRecord: 0.5ms | Allocations: 972)


Started POST "/api/v1/session" for ::1 at 2021-08-27 13:47:17 -0400
Processing by Api::V1::SessionsController#create as JSON
  Parameters: {"email"=>"js@winterfell.gov", "password"=>"[FILTERED]", "session"=>{"email"=>"js@winterfell.gov", "password"=>"[FILTERED]"}}
  [1m[36mUser Load (0.6ms)[0m  [1m[34mSELECT "users".* FROM "users" WHERE "users"."email" = $1 LIMIT $2[0m  [["email", "js@winterfell.gov"], ["LIMIT", 1]]
  ↳ app/controllers/api/v1/sessions_controller.rb:3:in `create'
Completed 200 OK in 197ms (Views: 0.2ms | ActiveRecord: 0.6ms | Allocations: 971)


Started POST "/api/v1/session" for ::1 at 2021-08-27 13:47:34 -0400
Processing by Api::V1::SessionsController#create as JSON
  Parameters: {"email"=>"js@winterfell.gov", "password"=>"[FILTERED]", "session"=>{"email"=>"js@winterfell.gov", "password"=>"[FILTERED]"}}
  [1m[36mUser Load (0.6ms)[0m  [1m[34mSELECT "users".* FROM "users" WHERE "users"."email" = $1 LIMIT $2[0m  [["email", "js@winterfell.gov"], ["LIMIT", 1]]
  ↳ app/controllers/api/v1/sessions_controller.rb:3:in `create'
Completed 200 OK in 191ms (Views: 0.2ms | ActiveRecord: 0.6ms | Allocations: 972)


Started POST "/api/v1/session" for ::1 at 2021-08-27 13:47:40 -0400
Processing by Api::V1::SessionsController#create as JSON
  Parameters: {"email"=>"js@winterfell.gov", "password"=>"[FILTERED]", "session"=>{"email"=>"js@winterfell.gov", "password"=>"[FILTERED]"}}
  [1m[36mUser Load (3.2ms)[0m  [1m[34mSELECT "users".* FROM "users" WHERE "users"."email" = $1 LIMIT $2[0m  [["email", "js@winterfell.gov"], ["LIMIT", 1]]
  ↳ app/controllers/api/v1/sessions_controller.rb:3:in `create'
Completed 200 OK in 197ms (Views: 0.1ms | ActiveRecord: 3.2ms | Allocations: 971)


Started POST "/api/v1/session" for ::1 at 2021-08-27 13:47:50 -0400
Processing by Api::V1::SessionsController#create as JSON
  Parameters: {"email"=>"js@winterfell.gov", "password"=>"[FILTERED]", "session"=>{"email"=>"js@winterfell.gov", "password"=>"[FILTERED]"}}
  [1m[36mUser Load (0.6ms)[0m  [1m[34mSELECT "users".* FROM "users" WHERE "users"."email" = $1 LIMIT $2[0m  [["email", "js@winterfell.gov"], ["LIMIT", 1]]
  ↳ app/controllers/api/v1/sessions_controller.rb:3:in `create'
Completed 200 OK in 181ms (Views: 0.2ms | ActiveRecord: 0.6ms | Allocations: 971)


Started POST "/api/v1/session" for ::1 at 2021-08-27 13:48:05 -0400
Processing by Api::V1::SessionsController#create as JSON
  Parameters: {"email"=>"js@winterfell.gov", "password"=>"[FILTERED]", "session"=>{"email"=>"js@winterfell.gov", "password"=>"[FILTERED]"}}
  [1m[36mUser Load (0.6ms)[0m  [1m[34mSELECT "users".* FROM "users" WHERE "users"."email" = $1 LIMIT $2[0m  [["email", "js@winterfell.gov"], ["LIMIT", 1]]
  ↳ app/controllers/api/v1/sessions_controller.rb:3:in `create'
Completed 200 OK in 185ms (Views: 0.1ms | ActiveRecord: 0.6ms | Allocations: 971)


Started POST "/api/v1/session" for ::1 at 2021-08-27 13:48:32 -0400
Processing by Api::V1::SessionsController#create as JSON
  Parameters: {"email"=>"js@winterfell.gov", "password"=>"[FILTERED]", "session"=>{"email"=>"js@winterfell.gov", "password"=>"[FILTERED]"}}
  [1m[36mUser Load (0.7ms)[0m  [1m[34mSELECT "users".* FROM "users" WHERE "users"."email" = $1 LIMIT $2[0m  [["email", "js@winterfell.gov"], ["LIMIT", 1]]
  ↳ app/controllers/api/v1/sessions_controller.rb:3:in `create'
Completed 200 OK in 182ms (Views: 0.1ms | ActiveRecord: 0.7ms | Allocations: 971)


Started POST "/api/v1/session" for ::1 at 2021-08-27 13:48:54 -0400
Processing by Api::V1::SessionsController#create as JSON
  Parameters: {"email"=>"js@winterfell.gov", "password"=>"[FILTERED]", "session"=>{"email"=>"js@winterfell.gov", "password"=>"[FILTERED]"}}
  [1m[36mUser Load (0.6ms)[0m  [1m[34mSELECT "users".* FROM "users" WHERE "users"."email" = $1 LIMIT $2[0m  [["email", "js@winterfell.gov"], ["LIMIT", 1]]
  ↳ app/controllers/api/v1/sessions_controller.rb:3:in `create'
Completed 200 OK in 184ms (Views: 0.1ms | ActiveRecord: 0.6ms | Allocations: 971)


Started POST "/api/v1/session" for ::1 at 2021-08-27 13:48:59 -0400
Processing by Api::V1::SessionsController#create as JSON
  Parameters: {"email"=>"js@winterfell.gov", "password"=>"[FILTERED]", "session"=>{"email"=>"js@winterfell.gov", "password"=>"[FILTERED]"}}
  [1m[36mUser Load (0.7ms)[0m  [1m[34mSELECT "users".* FROM "users" WHERE "users"."email" = $1 LIMIT $2[0m  [["email", "js@winterfell.gov"], ["LIMIT", 1]]
  ↳ app/controllers/api/v1/sessions_controller.rb:3:in `create'
Completed 200 OK in 193ms (Views: 0.2ms | ActiveRecord: 0.7ms | Allocations: 973)


Started POST "/api/v1/session" for ::1 at 2021-08-27 13:49:12 -0400
Processing by Api::V1::SessionsController#create as JSON
  Parameters: {"email"=>"js@winterfell.gov", "password"=>"[FILTERED]", "session"=>{"email"=>"js@winterfell.gov", "password"=>"[FILTERED]"}}
  [1m[36mUser Load (1.6ms)[0m  [1m[34mSELECT "users".* FROM "users" WHERE "users"."email" = $1 LIMIT $2[0m  [["email", "js@winterfell.gov"], ["LIMIT", 1]]
  ↳ app/controllers/api/v1/sessions_controller.rb:3:in `create'
Completed 200 OK in 199ms (Views: 0.2ms | ActiveRecord: 1.6ms | Allocations: 971)


Started POST "/api/v1/session" for ::1 at 2021-08-27 13:49:17 -0400
Processing by Api::V1::SessionsController#create as JSON
  Parameters: {"email"=>"js@winterfell.gov", "password"=>"[FILTERED]", "session"=>{"email"=>"js@winterfell.gov", "password"=>"[FILTERED]"}}
  [1m[36mUser Load (1.3ms)[0m  [1m[34mSELECT "users".* FROM "users" WHERE "users"."email" = $1 LIMIT $2[0m  [["email", "js@winterfell.gov"], ["LIMIT", 1]]
  ↳ app/controllers/api/v1/sessions_controller.rb:3:in `create'
Completed 200 OK in 226ms (Views: 0.1ms | ActiveRecord: 1.3ms | Allocations: 974)


Started POST "/api/v1/session" for ::1 at 2021-08-27 13:49:19 -0400
Processing by Api::V1::SessionsController#create as JSON
  Parameters: {"email"=>"js@winterfell.gov", "password"=>"[FILTERED]", "session"=>{"email"=>"js@winterfell.gov", "password"=>"[FILTERED]"}}
  [1m[36mUser Load (0.6ms)[0m  [1m[34mSELECT "users".* FROM "users" WHERE "users"."email" = $1 LIMIT $2[0m  [["email", "js@winterfell.gov"], ["LIMIT", 1]]
  ↳ app/controllers/api/v1/sessions_controller.rb:3:in `create'
Completed 200 OK in 180ms (Views: 0.1ms | ActiveRecord: 0.6ms | Allocations: 971)


Started POST "/api/v1/session" for ::1 at 2021-08-27 13:49:28 -0400
Processing by Api::V1::SessionsController#create as JSON
  Parameters: {"email"=>"js@winterfell.gov", "password"=>"[FILTERED]", "session"=>{"email"=>"js@winterfell.gov", "password"=>"[FILTERED]"}}
  [1m[36mUser Load (1.7ms)[0m  [1m[34mSELECT "users".* FROM "users" WHERE "users"."email" = $1 LIMIT $2[0m  [["email", "js@winterfell.gov"], ["LIMIT", 1]]
  ↳ app/controllers/api/v1/sessions_controller.rb:3:in `create'
Completed 200 OK in 187ms (Views: 0.1ms | ActiveRecord: 1.7ms | Allocations: 971)


Started POST "/api/v1/session" for ::1 at 2021-08-27 13:49:53 -0400
Processing by Api::V1::SessionsController#create as JSON
  Parameters: {"email"=>"js@winterfell.gov", "password"=>"[FILTERED]", "session"=>{"email"=>"js@winterfell.gov", "password"=>"[FILTERED]"}}
  [1m[36mUser Load (0.8ms)[0m  [1m[34mSELECT "users".* FROM "users" WHERE "users"."email" = $1 LIMIT $2[0m  [["email", "js@winterfell.gov"], ["LIMIT", 1]]
  ↳ app/controllers/api/v1/sessions_controller.rb:3:in `create'
Completed 200 OK in 195ms (Views: 0.1ms | ActiveRecord: 0.8ms | Allocations: 971)


Started POST "/api/v1/session" for ::1 at 2021-08-27 13:50:18 -0400
Processing by Api::V1::SessionsController#create as JSON
  Parameters: {"email"=>"js@winterfell.gov", "password"=>"[FILTERED]", "session"=>{"email"=>"js@winterfell.gov", "password"=>"[FILTERED]"}}
  [1m[36mUser Load (0.5ms)[0m  [1m[34mSELECT "users".* FROM "users" WHERE "users"."email" = $1 LIMIT $2[0m  [["email", "js@winterfell.gov"], ["LIMIT", 1]]
  ↳ app/controllers/api/v1/sessions_controller.rb:3:in `create'
Completed 200 OK in 179ms (Views: 0.2ms | ActiveRecord: 0.5ms | Allocations: 971)


Started POST "/api/v1/session" for ::1 at 2021-08-27 13:50:27 -0400
Processing by Api::V1::SessionsController#create as JSON
  Parameters: {"email"=>"js@winterfell.gov", "password"=>"[FILTERED]", "session"=>{"email"=>"js@winterfell.gov", "password"=>"[FILTERED]"}}
  [1m[36mUser Load (10.2ms)[0m  [1m[34mSELECT "users".* FROM "users" WHERE "users"."email" = $1 LIMIT $2[0m  [["email", "js@winterfell.gov"], ["LIMIT", 1]]
  ↳ app/controllers/api/v1/sessions_controller.rb:3:in `create'
Completed 200 OK in 207ms (Views: 0.1ms | ActiveRecord: 10.2ms | Allocations: 971)


Started POST "/api/v1/session" for ::1 at 2021-08-27 13:50:29 -0400
Processing by Api::V1::SessionsController#create as JSON
  Parameters: {"email"=>"js@winterfell.gov", "password"=>"[FILTERED]", "session"=>{"email"=>"js@winterfell.gov", "password"=>"[FILTERED]"}}
  [1m[36mUser Load (0.7ms)[0m  [1m[34mSELECT "users".* FROM "users" WHERE "users"."email" = $1 LIMIT $2[0m  [["email", "js@winterfell.gov"], ["LIMIT", 1]]
  ↳ app/controllers/api/v1/sessions_controller.rb:3:in `create'
Completed 200 OK in 179ms (Views: 0.1ms | ActiveRecord: 0.7ms | Allocations: 971)


Started POST "/api/v1/session" for ::1 at 2021-08-27 13:50:40 -0400
Processing by Api::V1::SessionsController#create as JSON
  Parameters: {"email"=>"js@winterfell.gov", "password"=>"[FILTERED]", "session"=>{"email"=>"js@winterfell.gov", "password"=>"[FILTERED]"}}
  [1m[36mUser Load (1.1ms)[0m  [1m[34mSELECT "users".* FROM "users" WHERE "users"."email" = $1 LIMIT $2[0m  [["email", "js@winterfell.gov"], ["LIMIT", 1]]
  ↳ app/controllers/api/v1/sessions_controller.rb:3:in `create'
Completed 200 OK in 196ms (Views: 0.2ms | ActiveRecord: 1.1ms | Allocations: 972)


Started POST "/api/v1/session" for ::1 at 2021-08-27 13:50:41 -0400
Processing by Api::V1::SessionsController#create as JSON
  Parameters: {"email"=>"js@winterfell.gov", "password"=>"[FILTERED]", "session"=>{"email"=>"js@winterfell.gov", "password"=>"[FILTERED]"}}
  [1m[36mUser Load (1.7ms)[0m  [1m[34mSELECT "users".* FROM "users" WHERE "users"."email" = $1 LIMIT $2[0m  [["email", "js@winterfell.gov"], ["LIMIT", 1]]
  ↳ app/controllers/api/v1/sessions_controller.rb:3:in `create'
Completed 200 OK in 191ms (Views: 0.1ms | ActiveRecord: 1.7ms | Allocations: 971)


Started POST "/api/v1/session" for ::1 at 2021-08-27 13:50:42 -0400
Processing by Api::V1::SessionsController#create as JSON
  Parameters: {"email"=>"js@winterfell.gov", "password"=>"[FILTERED]", "session"=>{"email"=>"js@winterfell.gov", "password"=>"[FILTERED]"}}
  [1m[36mUser Load (0.7ms)[0m  [1m[34mSELECT "users".* FROM "users" WHERE "users"."email" = $1 LIMIT $2[0m  [["email", "js@winterfell.gov"], ["LIMIT", 1]]
  ↳ app/controllers/api/v1/sessions_controller.rb:3:in `create'
Completed 200 OK in 196ms (Views: 0.2ms | ActiveRecord: 0.7ms | Allocations: 971)


Started POST "/api/v1/session" for ::1 at 2021-08-27 13:50:48 -0400
Processing by Api::V1::SessionsController#create as JSON
  Parameters: {"email"=>"js@winterfell.gov", "password"=>"[FILTERED]", "session"=>{"email"=>"js@winterfell.gov", "password"=>"[FILTERED]"}}
Started GET "/api/v1/auctions" for ::1 at 2021-08-27 13:50:48 -0400
Processing by Api::V1::AuctionsController#index as JSON
  [1m[36mUser Load (5.1ms)[0m  [1m[34mSELECT "users".* FROM "users" WHERE "users"."email" = $1 LIMIT $2[0m  [["email", "js@winterfell.gov"], ["LIMIT", 1]]
  ↳ app/controllers/api/v1/sessions_controller.rb:3:in `create'
Completed 200 OK in 210ms (Views: 0.3ms | ActiveRecord: 5.1ms | Allocations: 7586)


  [1m[36mAuction Load (0.8ms)[0m  [1m[34mSELECT "auctions".* FROM "auctions" ORDER BY "auctions"."id" ASC[0m
  ↳ app/controllers/api/v1/auctions_controller.rb:6:in `index'
Completed 200 OK in 219ms (Views: 5.7ms | ActiveRecord: 15.0ms | Allocations: 12493)


Started POST "/api/v1/session" for ::1 at 2021-08-27 13:51:04 -0400
Processing by Api::V1::SessionsController#create as JSON
  Parameters: {"email"=>"js@winterfell.gov", "password"=>"[FILTERED]", "session"=>{"email"=>"js@winterfell.gov", "password"=>"[FILTERED]"}}
  [1m[36mUser Load (1.7ms)[0m  [1m[34mSELECT "users".* FROM "users" WHERE "users"."email" = $1 LIMIT $2[0m  [["email", "js@winterfell.gov"], ["LIMIT", 1]]
  ↳ app/controllers/api/v1/sessions_controller.rb:3:in `create'
Completed 200 OK in 226ms (Views: 0.1ms | ActiveRecord: 4.9ms | Allocations: 1142)


Started POST "/api/v1/session" for ::1 at 2021-08-27 13:53:11 -0400
Processing by Api::V1::SessionsController#create as JSON
  Parameters: {"email"=>"js@winterfell.gov", "password"=>"[FILTERED]", "session"=>{"email"=>"js@winterfell.gov", "password"=>"[FILTERED]"}}
  [1m[36mUser Load (0.7ms)[0m  [1m[34mSELECT "users".* FROM "users" WHERE "users"."email" = $1 LIMIT $2[0m  [["email", "js@winterfell.gov"], ["LIMIT", 1]]
  ↳ app/controllers/api/v1/sessions_controller.rb:3:in `create'
Completed 200 OK in 201ms (Views: 0.1ms | ActiveRecord: 0.7ms | Allocations: 971)


Started POST "/api/v1/session" for ::1 at 2021-08-27 13:53:37 -0400
Processing by Api::V1::SessionsController#create as JSON
  Parameters: {"email"=>"js@winterfell.gov", "password"=>"[FILTERED]", "session"=>{"email"=>"js@winterfell.gov", "password"=>"[FILTERED]"}}
  [1m[36mUser Load (6.0ms)[0m  [1m[34mSELECT "users".* FROM "users" WHERE "users"."email" = $1 LIMIT $2[0m  [["email", "js@winterfell.gov"], ["LIMIT", 1]]
  ↳ app/controllers/api/v1/sessions_controller.rb:3:in `create'
Completed 200 OK in 205ms (Views: 0.2ms | ActiveRecord: 6.0ms | Allocations: 971)


Started POST "/api/v1/session" for ::1 at 2021-08-27 13:53:39 -0400
Processing by Api::V1::SessionsController#create as JSON
  Parameters: {"email"=>"js@winterfell.gov", "password"=>"[FILTERED]", "session"=>{"email"=>"js@winterfell.gov", "password"=>"[FILTERED]"}}
  [1m[36mUser Load (6.0ms)[0m  [1m[34mSELECT "users".* FROM "users" WHERE "users"."email" = $1 LIMIT $2[0m  [["email", "js@winterfell.gov"], ["LIMIT", 1]]
  ↳ app/controllers/api/v1/sessions_controller.rb:3:in `create'
Completed 200 OK in 214ms (Views: 0.1ms | ActiveRecord: 6.0ms | Allocations: 971)


Started POST "/api/v1/session" for ::1 at 2021-08-27 13:54:13 -0400
Processing by Api::V1::SessionsController#create as JSON
  Parameters: {"email"=>"js@winterfell.gov", "password"=>"[FILTERED]", "session"=>{"email"=>"js@winterfell.gov", "password"=>"[FILTERED]"}}
  [1m[36mUser Load (3.7ms)[0m  [1m[34mSELECT "users".* FROM "users" WHERE "users"."email" = $1 LIMIT $2[0m  [["email", "js@winterfell.gov"], ["LIMIT", 1]]
  ↳ app/controllers/api/v1/sessions_controller.rb:3:in `create'
Completed 200 OK in 211ms (Views: 0.1ms | ActiveRecord: 3.7ms | Allocations: 971)


Started GET "/api/v1/auctions" for ::1 at 2021-08-27 13:54:14 -0400
Processing by Api::V1::AuctionsController#index as JSON
  [1m[36mAuction Load (0.7ms)[0m  [1m[34mSELECT "auctions".* FROM "auctions" ORDER BY "auctions"."id" ASC[0m
  ↳ app/controllers/api/v1/auctions_controller.rb:6:in `index'
Completed 200 OK in 5ms (Views: 2.7ms | ActiveRecord: 0.7ms | Allocations: 2171)


Started GET "/api/v1/auctions" for ::1 at 2021-08-27 13:54:17 -0400
Processing by Api::V1::AuctionsController#index as JSON
  [1m[36mAuction Load (0.8ms)[0m  [1m[34mSELECT "auctions".* FROM "auctions" ORDER BY "auctions"."id" ASC[0m
  ↳ app/controllers/api/v1/auctions_controller.rb:6:in `index'
Completed 200 OK in 6ms (Views: 3.5ms | ActiveRecord: 0.8ms | Allocations: 2170)


Started POST "/api/v1/session" for ::1 at 2021-08-27 14:51:46 -0400
  [1m[35m (0.7ms)[0m  [1m[34mSELECT "schema_migrations"."version" FROM "schema_migrations" ORDER BY "schema_migrations"."version" ASC[0m
Processing by Api::V1::SessionsController#create as JSON
  Parameters: {"email"=>"js@winterfell.gov", "password"=>"[FILTERED]", "session"=>{"email"=>"js@winterfell.gov", "password"=>"[FILTERED]"}}
  [1m[36mUser Load (0.6ms)[0m  [1m[34mSELECT "users".* FROM "users" WHERE "users"."email" = $1 LIMIT $2[0m  [["email", "js@winterfell.gov"], ["LIMIT", 1]]
  ↳ app/controllers/api/v1/sessions_controller.rb:3:in `create'
Completed 200 OK in 196ms (Views: 0.2ms | ActiveRecord: 4.8ms | Allocations: 8489)


Started GET "/api/v1/auctions" for ::1 at 2021-08-27 14:51:51 -0400
Processing by Api::V1::AuctionsController#index as JSON
  [1m[36mAuction Load (1.1ms)[0m  [1m[34mSELECT "auctions".* FROM "auctions" ORDER BY "auctions"."id" ASC[0m
  ↳ app/controllers/api/v1/auctions_controller.rb:6:in `index'
Completed 200 OK in 22ms (Views: 8.8ms | ActiveRecord: 6.8ms | Allocations: 8091)


Started POST "/api/v1/session" for ::1 at 2021-08-27 14:55:21 -0400
Started GET "/api/v1/auctions" for ::1 at 2021-08-27 14:55:21 -0400
Processing by Api::V1::SessionsController#create as JSON
  Parameters: {"email"=>"js@winterfell.gov", "password"=>"[FILTERED]", "session"=>{"email"=>"js@winterfell.gov", "password"=>"[FILTERED]"}}
Processing by Api::V1::AuctionsController#index as JSON
  [1m[36mUser Load (6.3ms)[0m  [1m[34mSELECT "users".* FROM "users" WHERE "users"."email" = $1 LIMIT $2[0m  [["email", "js@winterfell.gov"], ["LIMIT", 1]]
  ↳ app/controllers/api/v1/sessions_controller.rb:3:in `create'
Completed 200 OK in 245ms (Views: 0.2ms | ActiveRecord: 6.3ms | Allocations: 1528)


  [1m[36mAuction Load (1.2ms)[0m  [1m[34mSELECT "auctions".* FROM "auctions" ORDER BY "auctions"."id" ASC[0m
  ↳ app/controllers/api/v1/auctions_controller.rb:6:in `index'
Completed 200 OK in 265ms (Views: 2.2ms | ActiveRecord: 16.1ms | Allocations: 6728)


Started POST "/api/v1/session" for ::1 at 2021-08-27 14:55:45 -0400
Processing by Api::V1::SessionsController#create as JSON
  Parameters: {"email"=>"js@winterfell.gov", "password"=>"[FILTERED]", "session"=>{"email"=>"js@winterfell.gov", "password"=>"[FILTERED]"}}
  [1m[36mUser Load (0.8ms)[0m  [1m[34mSELECT "users".* FROM "users" WHERE "users"."email" = $1 LIMIT $2[0m  [["email", "js@winterfell.gov"], ["LIMIT", 1]]
  ↳ app/controllers/api/v1/sessions_controller.rb:3:in `create'
Completed 200 OK in 188ms (Views: 0.2ms | ActiveRecord: 1.4ms | Allocations: 1155)


Started POST "/api/v1/session" for ::1 at 2021-08-27 14:55:49 -0400
Processing by Api::V1::SessionsController#create as JSON
  Parameters: {"email"=>"js@winterfell.gov", "password"=>"[FILTERED]", "session"=>{"email"=>"js@winterfell.gov", "password"=>"[FILTERED]"}}
  [1m[36mUser Load (13.0ms)[0m  [1m[34mSELECT "users".* FROM "users" WHERE "users"."email" = $1 LIMIT $2[0m  [["email", "js@winterfell.gov"], ["LIMIT", 1]]
  ↳ app/controllers/api/v1/sessions_controller.rb:3:in `create'
Completed 200 OK in 205ms (Views: 0.2ms | ActiveRecord: 13.0ms | Allocations: 971)


Started POST "/api/v1/session" for ::1 at 2021-08-27 15:04:03 -0400
Processing by Api::V1::SessionsController#create as JSON
  Parameters: {"email"=>"js@winterfell.gov", "password"=>"[FILTERED]", "session"=>{"email"=>"js@winterfell.gov", "password"=>"[FILTERED]"}}
  [1m[36mUser Load (0.6ms)[0m  [1m[34mSELECT "users".* FROM "users" WHERE "users"."email" = $1 LIMIT $2[0m  [["email", "js@winterfell.gov"], ["LIMIT", 1]]
  ↳ app/controllers/api/v1/sessions_controller.rb:3:in `create'
Completed 200 OK in 232ms (Views: 0.2ms | ActiveRecord: 9.1ms | Allocations: 4070)


Started POST "/api/v1/session" for ::1 at 2021-08-27 15:04:05 -0400
Processing by Api::V1::SessionsController#create as JSON
  Parameters: {"email"=>"js@winterfell.gov", "password"=>"[FILTERED]", "session"=>{"email"=>"js@winterfell.gov", "password"=>"[FILTERED]"}}
  [1m[36mUser Load (0.5ms)[0m  [1m[34mSELECT "users".* FROM "users" WHERE "users"."email" = $1 LIMIT $2[0m  [["email", "js@winterfell.gov"], ["LIMIT", 1]]
  ↳ app/controllers/api/v1/sessions_controller.rb:3:in `create'
Completed 200 OK in 194ms (Views: 0.1ms | ActiveRecord: 0.5ms | Allocations: 971)


Started POST "/api/v1/session" for ::1 at 2021-08-27 15:04:32 -0400
Processing by Api::V1::SessionsController#create as JSON
  Parameters: {"email"=>"js@winterfell.gov", "password"=>"[FILTERED]", "session"=>{"email"=>"js@winterfell.gov", "password"=>"[FILTERED]"}}
  [1m[36mUser Load (1.8ms)[0m  [1m[34mSELECT "users".* FROM "users" WHERE "users"."email" = $1 LIMIT $2[0m  [["email", "js@winterfell.gov"], ["LIMIT", 1]]
  ↳ app/controllers/api/v1/sessions_controller.rb:3:in `create'
Completed 200 OK in 193ms (Views: 0.1ms | ActiveRecord: 1.8ms | Allocations: 971)


Started POST "/api/v1/session" for ::1 at 2021-08-27 15:05:16 -0400
Processing by Api::V1::SessionsController#create as JSON
  Parameters: {"email"=>"js@winterfell.gov", "password"=>"[FILTERED]", "session"=>{"email"=>"js@winterfell.gov", "password"=>"[FILTERED]"}}
  [1m[36mUser Load (0.6ms)[0m  [1m[34mSELECT "users".* FROM "users" WHERE "users"."email" = $1 LIMIT $2[0m  [["email", "js@winterfell.gov"], ["LIMIT", 1]]
  ↳ app/controllers/api/v1/sessions_controller.rb:3:in `create'
Completed 200 OK in 190ms (Views: 0.2ms | ActiveRecord: 0.6ms | Allocations: 973)


Started POST "/api/v1/session" for ::1 at 2021-08-27 15:05:21 -0400
Processing by Api::V1::SessionsController#create as JSON
  Parameters: {"email"=>"js@winterfell.gov", "password"=>"[FILTERED]", "session"=>{"email"=>"js@winterfell.gov", "password"=>"[FILTERED]"}}
  [1m[36mUser Load (0.5ms)[0m  [1m[34mSELECT "users".* FROM "users" WHERE "users"."email" = $1 LIMIT $2[0m  [["email", "js@winterfell.gov"], ["LIMIT", 1]]
  ↳ app/controllers/api/v1/sessions_controller.rb:3:in `create'
Completed 200 OK in 199ms (Views: 0.2ms | ActiveRecord: 0.5ms | Allocations: 971)


Started GET "/api/v1/auctions" for ::1 at 2021-08-27 15:11:25 -0400
Processing by Api::V1::AuctionsController#index as JSON
  [1m[36mAuction Load (1.0ms)[0m  [1m[34mSELECT "auctions".* FROM "auctions" ORDER BY "auctions"."id" ASC[0m
  ↳ app/controllers/api/v1/auctions_controller.rb:6:in `index'
Completed 200 OK in 18ms (Views: 2.9ms | ActiveRecord: 9.0ms | Allocations: 5186)


Started GET "/api/v1/auctions" for ::1 at 2021-08-27 15:14:36 -0400
Started POST "/api/v1/session" for ::1 at 2021-08-27 15:14:36 -0400
Processing by Api::V1::AuctionsController#index as JSON
Processing by Api::V1::SessionsController#create as JSON
  Parameters: {"email"=>"js@winterfell.gov", "password"=>"[FILTERED]", "session"=>{"email"=>"js@winterfell.gov", "password"=>"[FILTERED]"}}
  [1m[36mAuction Load (0.8ms)[0m  [1m[34mSELECT "auctions".* FROM "auctions" ORDER BY "auctions"."id" ASC[0m
  ↳ app/controllers/api/v1/auctions_controller.rb:6:in `index'
Completed 200 OK in 5ms (Views: 2.6ms | ActiveRecord: 0.8ms | Allocations: 2519)


  [1m[36mUser Load (0.7ms)[0m  [1m[34mSELECT "users".* FROM "users" WHERE "users"."email" = $1 LIMIT $2[0m  [["email", "js@winterfell.gov"], ["LIMIT", 1]]
  ↳ app/controllers/api/v1/sessions_controller.rb:3:in `create'
Completed 200 OK in 208ms (Views: 0.2ms | ActiveRecord: 8.7ms | Allocations: 6658)


Started GET "/api/v1/auctions" for ::1 at 2021-08-27 15:14:39 -0400
Processing by Api::V1::AuctionsController#index as JSON
  [1m[36mAuction Load (1.3ms)[0m  [1m[34mSELECT "auctions".* FROM "auctions" ORDER BY "auctions"."id" ASC[0m
  ↳ app/controllers/api/v1/auctions_controller.rb:6:in `index'
Completed 200 OK in 7ms (Views: 3.7ms | ActiveRecord: 1.3ms | Allocations: 2233)


Started GET "/api/v1/auctions" for ::1 at 2021-08-27 15:26:12 -0400
Started POST "/api/v1/session" for ::1 at 2021-08-27 15:26:12 -0400
Processing by Api::V1::AuctionsController#index as JSON
Processing by Api::V1::SessionsController#create as JSON
  Parameters: {"email"=>"js@winterfell.gov", "password"=>"[FILTERED]", "session"=>{"email"=>"js@winterfell.gov", "password"=>"[FILTERED]"}}
  [1m[36mAuction Load (2.2ms)[0m  [1m[34mSELECT "auctions".* FROM "auctions" ORDER BY "auctions"."id" ASC[0m
  ↳ app/controllers/api/v1/auctions_controller.rb:6:in `index'
Completed 200 OK in 42ms (Views: 3.9ms | ActiveRecord: 27.4ms | Allocations: 8801)


  [1m[36mUser Load (1.1ms)[0m  [1m[34mSELECT "users".* FROM "users" WHERE "users"."email" = $1 LIMIT $2[0m  [["email", "js@winterfell.gov"], ["LIMIT", 1]]
  ↳ app/controllers/api/v1/sessions_controller.rb:3:in `create'
Completed 200 OK in 232ms (Views: 0.1ms | ActiveRecord: 12.6ms | Allocations: 9198)


Started POST "/api/v1/session" for ::1 at 2021-08-27 15:26:20 -0400
Started GET "/api/v1/auctions" for ::1 at 2021-08-27 15:26:20 -0400
Processing by Api::V1::AuctionsController#index as JSON
Processing by Api::V1::SessionsController#create as JSON
  Parameters: {"email"=>"js@winterfell.gov", "password"=>"[FILTERED]", "session"=>{"email"=>"js@winterfell.gov", "password"=>"[FILTERED]"}}
  [1m[36mAuction Load (2.1ms)[0m  [1m[34mSELECT "auctions".* FROM "auctions" ORDER BY "auctions"."id" ASC[0m
  ↳ app/controllers/api/v1/auctions_controller.rb:6:in `index'
Completed 200 OK in 17ms (Views: 3.1ms | ActiveRecord: 2.1ms | Allocations: 2762)


  [1m[36mUser Load (11.4ms)[0m  [1m[34mSELECT "users".* FROM "users" WHERE "users"."email" = $1 LIMIT $2[0m  [["email", "js@winterfell.gov"], ["LIMIT", 1]]
  ↳ app/controllers/api/v1/sessions_controller.rb:3:in `create'
Completed 200 OK in 256ms (Views: 0.1ms | ActiveRecord: 11.4ms | Allocations: 3560)


Started POST "/api/v1/session" for ::1 at 2021-08-27 15:27:11 -0400
Processing by Api::V1::SessionsController#create as JSON
  Parameters: {"email"=>"js@winterfell.gov", "password"=>"[FILTERED]", "session"=>{"email"=>"js@winterfell.gov", "password"=>"[FILTERED]"}}
  [1m[36mUser Load (0.5ms)[0m  [1m[34mSELECT "users".* FROM "users" WHERE "users"."email" = $1 LIMIT $2[0m  [["email", "js@winterfell.gov"], ["LIMIT", 1]]
  ↳ app/controllers/api/v1/sessions_controller.rb:3:in `create'
Completed 200 OK in 196ms (Views: 0.1ms | ActiveRecord: 0.5ms | Allocations: 972)


Started POST "/api/v1/session" for ::1 at 2021-08-27 15:27:18 -0400
Processing by Api::V1::SessionsController#create as JSON
  Parameters: {"email"=>"js@winterfell.gov", "password"=>"[FILTERED]", "session"=>{"email"=>"js@winterfell.gov", "password"=>"[FILTERED]"}}
  [1m[36mUser Load (0.6ms)[0m  [1m[34mSELECT "users".* FROM "users" WHERE "users"."email" = $1 LIMIT $2[0m  [["email", "js@winterfell.gov"], ["LIMIT", 1]]
  ↳ app/controllers/api/v1/sessions_controller.rb:3:in `create'
Completed 200 OK in 199ms (Views: 0.2ms | ActiveRecord: 0.6ms | Allocations: 971)


Started POST "/api/v1/session" for ::1 at 2021-08-27 15:27:19 -0400
Processing by Api::V1::SessionsController#create as JSON
  Parameters: {"email"=>"js@winterfell.gov", "password"=>"[FILTERED]", "session"=>{"email"=>"js@winterfell.gov", "password"=>"[FILTERED]"}}
  [1m[36mUser Load (0.6ms)[0m  [1m[34mSELECT "users".* FROM "users" WHERE "users"."email" = $1 LIMIT $2[0m  [["email", "js@winterfell.gov"], ["LIMIT", 1]]
  ↳ app/controllers/api/v1/sessions_controller.rb:3:in `create'
Completed 200 OK in 192ms (Views: 0.2ms | ActiveRecord: 0.6ms | Allocations: 971)


